<?xml version="1.0" encoding="UTF-8"?>
<!-- Generated by org.testng.reporters.JUnitReportReporter -->
<testsuite hostname="DESKTOP-FJTDLHU" failures="0" tests="5" name="TestCases.TC001_Signuppagefeature" time="3.416" errors="0" timestamp="2025-04-02T23:09:41 IST" skipped="0">
  <testcase classname="TestCases.TC001_Signuppagefeature" name="verify_signupfeature_withWeekPassword" time="0.429"/>
  <testcase classname="TestCases.TC001_Signuppagefeature" name="verify_signupfeature_withblankpasswordfield" time="0.328"/>
  <testcase classname="TestCases.TC001_Signuppagefeature" name="verify_signupfeature_withblankemail_inputfield" time="1.216"/>
  <testcase classname="TestCases.TC001_Signuppagefeature" name="verify_signupfeature_withinvalidemail" time="0.358"/>
  <testcase classname="TestCases.TC001_Signuppagefeature" name="verify_signupfeature_withvalidData" time="1.085"/>
</testsuite> <!-- TestCases.TC001_Signuppagefeature -->
